<?xml version="1.0" encoding="UTF-8"?>
<!DOCTYPE coverage SYSTEM "http://cobertura.sourceforge.net/xml/coverage-03.dtd">
<coverage line-rate="0" branch-rate="0" version="" timestamp="1510664186467">
	<packages>
		<package name="ir-blaster.com/data/parsers/checkstyle" line-rate="0" branch-rate="0" complexity="0">
			<classes>
				<class name="-" filename="/home/hectorj/go/src/ir-blaster.com/data/parsers/checkstyle/parser.go" line-rate="0" branch-rate="0" complexity="0">
					<methods>
						<method name="New" signature="" line-rate="0" branch-rate="0">
							<lines>
								<line number="18" hits="1"></line>
							</lines>
						</method>
						<method name="parseCheckstyleXML" signature="" line-rate="0" branch-rate="0">
							<lines>
								<line number="33" hits="1"></line>
								<line number="34" hits="0"></line>
								<line number="37" hits="1"></line>
							</lines>
						</method>
						<method name="mapCheckstyleToViolations" signature="" line-rate="0" branch-rate="0">
							<lines>
								<line number="41" hits="1"></line>
								<line number="42" hits="1"></line>
								<line number="43" hits="1"></line>
								<line number="46" hits="1"></line>
								<line number="47" hits="1"></line>
								<line number="48" hits="1"></line>
								<line number="49" hits="1"></line>
								<line number="50" hits="1"></line>
								<line number="51" hits="1"></line>
								<line number="52" hits="1"></line>
								<line number="59" hits="1"></line>
								<line number="63" hits="1"></line>
							</lines>
						</method>
					</methods>
					<lines>
						<line number="18" hits="1"></line>
						<line number="33" hits="1"></line>
						<line number="34" hits="0"></line>
						<line number="37" hits="1"></line>
						<line number="41" hits="1"></line>
						<line number="42" hits="1"></line>
						<line number="43" hits="1"></line>
						<line number="46" hits="1"></line>
						<line number="47" hits="1"></line>
						<line number="48" hits="1"></line>
						<line number="49" hits="1"></line>
						<line number="50" hits="1"></line>
						<line number="51" hits="1"></line>
						<line number="52" hits="1"></line>
						<line number="59" hits="1"></line>
						<line number="63" hits="1"></line>
					</lines>
				</class>
				<class name="parser" filename="/home/hectorj/go/src/ir-blaster.com/data/parsers/checkstyle/parser.go" line-rate="0" branch-rate="0" complexity="0">
					<methods>
						<method name="ListViolations" signature="" line-rate="0" branch-rate="0">
							<lines>
								<line number="24" hits="1"></line>
								<line number="25" hits="1"></line>
								<line number="26" hits="0"></line>
								<line number="29" hits="1"></line>
							</lines>
						</method>
					</methods>
					<lines>
						<line number="24" hits="1"></line>
						<line number="25" hits="1"></line>
						<line number="26" hits="0"></line>
						<line number="29" hits="1"></line>
					</lines>
				</class>
			</classes>
		</package>
	</packages>
</coverage>
